<?xml version="1.0" encoding="UTF-8"?>
<testsuite xmlns:xsi="http://www.w3.org/2001/XMLSchema-instance" xsi:noNamespaceSchemaLocation="https://maven.apache.org/surefire/maven-surefire-plugin/xsd/surefire-test-report.xsd" name="test.POOBvsZombiesTest" time="0.084" tests="31" errors="0" skipped="0" failures="0">
  <properties>
[...]
</properties>
  <testcase name="accordingPSShouldAddPendingExtraResourcesCorrectly" classname="test.POOBvsZombiesTest" time="0.029"/>
  <testcase name="accordingPSShouldBeSingletonInstance" classname="test.POOBvsZombiesTest" time="0.001"/>
  <testcase name="accordingPSShouldReturnNullWhenNoPlantAtPosition" classname="test.POOBvsZombiesTest" time="0.001"/>
  <testcase name="accordingPSShouldCreatePlantInstances" classname="test.POOBvsZombiesTest" time="0"/>
  <testcase name="accordingPSShouldSpawnPlantAndZombieCorrectly" classname="test.POOBvsZombiesTest" time="0.002"/>
  <testcase name="accordingPSShouldCreateZombieInstances" classname="test.POOBvsZombiesTest" time="0"/>
  <testcase name="accordingPSShouldSetAndGetWinnerCorrectly" classname="test.POOBvsZombiesTest" time="0.002"/>
  <testcase name="accordingPSShouldNotFindLawnmowerWhenNotPresent" classname="test.POOBvsZombiesTest" time="0.001"/>
  <testcase name="accordingPSShouldReturnCorrectModality" classname="test.POOBvsZombiesTest" time="0.001"/>
  <testcase name="accordingPSShouldRetrievePlantAtCorrectPosition" classname="test.POOBvsZombiesTest" time="0.001"/>
  <testcase name="accordingPSShouldCalculateScoresCorrectly" classname="test.POOBvsZombiesTest" time="0"/>
  <testcase name="accordingPSShouldNotAddInvalidEntitiesAndHandleExceptions" classname="test.POOBvsZombiesTest" time="0.002"/>
  <testcase name="accordingPSShouldThrowExceptionForInvalidZombieType" classname="test.POOBvsZombiesTest" time="0"/>
  <testcase name="accordingPSShouldCalculateProgressCorrectly" classname="test.POOBvsZombiesTest" time="0"/>
  <testcase name="accordingPSShouldAddEntityCorrectly" classname="test.POOBvsZombiesTest" time="0"/>
  <testcase name="accordingPSShouldFindFirstPlantInRowCorrectly" classname="test.POOBvsZombiesTest" time="0"/>
  <testcase name="accordingPSShouldReturnNullForInvalidPlantType" classname="test.POOBvsZombiesTest" time="0"/>
  <testcase name="accordingPSShouldRetrievePlayerTwoCorrectly" classname="test.POOBvsZombiesTest" time="0"/>
  <testcase name="accordingPSShouldRetrievePlayerOneCorrectly" classname="test.POOBvsZombiesTest" time="0"/>
  <testcase name="accordingPSShouldUpdateScoresAfterRemovingEntities" classname="test.POOBvsZombiesTest" time="0.001"/>
  <testcase name="accordingPSShouldRemoveEntityCorrectly" classname="test.POOBvsZombiesTest" time="0"/>
  <testcase name="accordingPSShouldRestoreGameStateWithResources" classname="test.POOBvsZombiesTest" time="0.005"/>
  <testcase name="accordingPSShouldSaveAndLoadGameWithEntitiesCorrectly" classname="test.POOBvsZombiesTest" time="0.004"/>
  <testcase name="accordingPSShouldReturnCorrectRoundTime" classname="test.POOBvsZombiesTest" time="0.002"/>
  <testcase name="accordingPSShouldAddAndDeleteEntityCorrectly" classname="test.POOBvsZombiesTest" time="0.001"/>
  <testcase name="accordingPSShouldDetermineWinnerCorrectly" classname="test.POOBvsZombiesTest" time="0.002"/>
  <testcase name="accordingPSShouldSaveAndLoadGameCorrectly" classname="test.POOBvsZombiesTest" time="0.006"/>
  <testcase name="accordingPSShouldDetermineWinnerAfterScoreUpdate" classname="test.POOBvsZombiesTest" time="0.001"/>
  <testcase name="accordingPSShouldDeleteEntityCorrectly" classname="test.POOBvsZombiesTest" time="0.001"/>
  <testcase name="accordingPSShouldReturnCorrectMatchTime" classname="test.POOBvsZombiesTest" time="0"/>
  <testcase name="accordingPSShouldCalculateScoresAfterAddingEntities" classname="test.POOBvsZombiesTest" time="0.001"/>
</testsuite>